<?xml version="1.0" encoding="UTF-8"?>
<coverage generated="1711372217232" clover="3.2.0">
  <project timestamp="1711372217232" name="All files">
    <metrics statements="27" coveredstatements="27" conditionals="3" coveredconditionals="3" methods="9" coveredmethods="9" elements="39" coveredelements="39" complexity="0" loc="27" ncloc="27" packages="2" files="3" classes="3"/>
    <package name="src">
      <metrics statements="18" coveredstatements="18" conditionals="1" coveredconditionals="1" methods="8" coveredmethods="8"/>
      <file name="calculator.ts" path="/home/tlspc-152/Desktop/calculatorLibrary/src/calculator.ts">
        <metrics statements="10" coveredstatements="10" conditionals="1" coveredconditionals="1" methods="4" coveredmethods="4"/>
        <line num="2" count="1" type="stmt"/>
        <line num="3" count="1" type="stmt"/>
        <line num="6" count="1" type="stmt"/>
        <line num="7" count="1" type="stmt"/>
        <line num="10" count="1" type="stmt"/>
        <line num="11" count="1" type="stmt"/>
        <line num="14" count="1" type="stmt"/>
        <line num="15" count="5" type="cond" truecount="1" falsecount="0"/>
        <line num="16" count="3" type="stmt"/>
        <line num="18" count="2" type="stmt"/>
      </file>
      <file name="index.ts" path="/home/tlspc-152/Desktop/calculatorLibrary/src/index.ts">
        <metrics statements="8" coveredstatements="8" conditionals="0" coveredconditionals="0" methods="4" coveredmethods="4"/>
        <line num="3" count="2" type="stmt"/>
        <line num="4" count="3" type="stmt"/>
        <line num="7" count="2" type="stmt"/>
        <line num="8" count="3" type="stmt"/>
        <line num="11" count="2" type="stmt"/>
        <line num="12" count="3" type="stmt"/>
        <line num="15" count="2" type="stmt"/>
        <line num="16" count="4" type="stmt"/>
      </file>
    </package>
    <package name="src.Test">
      <metrics statements="9" coveredstatements="9" conditionals="2" coveredconditionals="2" methods="1" coveredmethods="1"/>
      <file name="test.ts" path="/home/tlspc-152/Desktop/calculatorLibrary/src/Test/test.ts">
        <metrics statements="9" coveredstatements="9" conditionals="2" coveredconditionals="2" methods="1" coveredmethods="1"/>
        <line num="3" count="1" type="stmt"/>
        <line num="8" count="1" type="stmt"/>
        <line num="9" count="3" type="cond" truecount="2" falsecount="0"/>
        <line num="10" count="2" type="stmt"/>
        <line num="12" count="1" type="stmt"/>
        <line num="17" count="1" type="stmt"/>
        <line num="18" count="1" type="stmt"/>
        <line num="19" count="1" type="stmt"/>
        <line num="20" count="1" type="stmt"/>
      </file>
    </package>
  </project>
</coverage>
