{"/home/tlspc-152/Desktop/calculatorLibrary/src/calculator.ts": {"path":"/home/tlspc-152/Desktop/calculatorLibrary/src/calculator.ts","statementMap":{"0":{"start":{"line":3,"column":6},"end":{"line":3,"column":19}},"1":{"start":{"line":2,"column":2},"end":{"line":2,"column":18}},"2":{"start":{"line":7,"column":6},"end":{"line":7,"column":19}},"3":{"start":{"line":6,"column":4},"end":{"line":6,"column":20}},"4":{"start":{"line":11,"column":6},"end":{"line":11,"column":19}},"5":{"start":{"line":10,"column":4},"end":{"line":10,"column":20}},"6":{"start":{"line":15,"column":6},"end":{"line":17,"column":7}},"7":{"start":{"line":16,"column":8},"end":{"line":16,"column":60}},"8":{"start":{"line":18,"column":6},"end":{"line":18,"column":19}},"9":{"start":{"line":14,"column":4},"end":{"line":14,"column":20}}},"fnMap":{"0":{"name":"add","decl":{"start":{"line":2,"column":18},"end":{"line":2,"column":21}},"loc":{"start":{"line":2,"column":42},"end":{"line":4,"column":5}}},"1":{"name":"subtract","decl":{"start":{"line":6,"column":20},"end":{"line":6,"column":28}},"loc":{"start":{"line":6,"column":49},"end":{"line":8,"column":5}}},"2":{"name":"multiply","decl":{"start":{"line":10,"column":20},"end":{"line":10,"column":28}},"loc":{"start":{"line":10,"column":49},"end":{"line":12,"column":5}}},"3":{"name":"divide","decl":{"start":{"line":14,"column":20},"end":{"line":14,"column":26}},"loc":{"start":{"line":14,"column":47},"end":{"line":19,"column":5}}}},"branchMap":{"0":{"loc":{"start":{"line":15,"column":6},"end":{"line":17,"column":7}},"type":"if","locations":[{"start":{"line":15,"column":6},"end":{"line":17,"column":7}}]}},"s":{"0":1,"1":1,"2":1,"3":1,"4":1,"5":1,"6":5,"7":3,"8":2,"9":1},"f":{"0":1,"1":1,"2":1,"3":5},"b":{"0":[3]}}
,"/home/tlspc-152/Desktop/calculatorLibrary/src/index.ts": {"path":"/home/tlspc-152/Desktop/calculatorLibrary/src/index.ts","statementMap":{"0":{"start":{"line":5,"column":2},"end":{"line":5,"column":15}},"1":{"start":{"line":4,"column":0},"end":{"line":4,"column":16}},"2":{"start":{"line":9,"column":2},"end":{"line":9,"column":15}},"3":{"start":{"line":8,"column":0},"end":{"line":8,"column":16}},"4":{"start":{"line":13,"column":2},"end":{"line":13,"column":15}},"5":{"start":{"line":12,"column":0},"end":{"line":12,"column":16}},"6":{"start":{"line":17,"column":2},"end":{"line":17,"column":15}},"7":{"start":{"line":16,"column":0},"end":{"line":16,"column":16}}},"fnMap":{"0":{"name":"add","decl":{"start":{"line":4,"column":16},"end":{"line":4,"column":19}},"loc":{"start":{"line":4,"column":40},"end":{"line":6,"column":1}}},"1":{"name":"subtract","decl":{"start":{"line":8,"column":16},"end":{"line":8,"column":24}},"loc":{"start":{"line":8,"column":45},"end":{"line":10,"column":1}}},"2":{"name":"multiply","decl":{"start":{"line":12,"column":16},"end":{"line":12,"column":24}},"loc":{"start":{"line":12,"column":45},"end":{"line":14,"column":1}}},"3":{"name":"divide","decl":{"start":{"line":16,"column":16},"end":{"line":16,"column":22}},"loc":{"start":{"line":16,"column":43},"end":{"line":18,"column":1}}}},"branchMap":{},"s":{"0":2,"1":2,"2":2,"3":2,"4":2,"5":2,"6":3,"7":2},"f":{"0":2,"1":2,"2":2,"3":3},"b":{}}
,"/home/tlspc-152/Desktop/calculatorLibrary/src/Test/test.ts": {"path":"/home/tlspc-152/Desktop/calculatorLibrary/src/Test/test.ts","statementMap":{"0":{"start":{"line":3,"column":0},"end":{"line":3,"column":59}},"1":{"start":{"line":19,"column":2},"end":{"line":23,"column":3}},"2":{"start":{"line":20,"column":4},"end":{"line":20,"column":24}},"3":{"start":{"line":22,"column":4},"end":{"line":22,"column":56}},"4":{"start":{"line":18,"column":0},"end":{"line":18,"column":16}}},"fnMap":{"0":{"name":"safeDivide","decl":{"start":{"line":18,"column":16},"end":{"line":18,"column":26}},"loc":{"start":{"line":18,"column":47},"end":{"line":24,"column":1}}}},"branchMap":{"0":{"loc":{"start":{"line":19,"column":2},"end":{"line":23,"column":3}},"type":"if","locations":[{"start":{"line":19,"column":2},"end":{"line":23,"column":3}},{"start":{"line":21,"column":9},"end":{"line":23,"column":3}}]}},"s":{"0":1,"1":2,"2":1,"3":1,"4":1},"f":{"0":2},"b":{"0":[1,1]}}
}
