{"/home/tlspc-152/Desktop/calculatorLibrary/src/calculator.ts": {"path":"/home/tlspc-152/Desktop/calculatorLibrary/src/calculator.ts","statementMap":{"0":{"start":{"line":3,"column":6},"end":{"line":3,"column":19}},"1":{"start":{"line":2,"column":2},"end":{"line":2,"column":18}},"2":{"start":{"line":7,"column":6},"end":{"line":7,"column":19}},"3":{"start":{"line":6,"column":4},"end":{"line":6,"column":20}},"4":{"start":{"line":11,"column":6},"end":{"line":11,"column":19}},"5":{"start":{"line":10,"column":4},"end":{"line":10,"column":20}},"6":{"start":{"line":15,"column":6},"end":{"line":17,"column":7}},"7":{"start":{"line":16,"column":8},"end":{"line":16,"column":60}},"8":{"start":{"line":18,"column":6},"end":{"line":18,"column":19}},"9":{"start":{"line":14,"column":4},"end":{"line":14,"column":20}}},"fnMap":{"0":{"name":"add","decl":{"start":{"line":2,"column":18},"end":{"line":2,"column":21}},"loc":{"start":{"line":2,"column":42},"end":{"line":4,"column":5}}},"1":{"name":"subtract","decl":{"start":{"line":6,"column":20},"end":{"line":6,"column":28}},"loc":{"start":{"line":6,"column":49},"end":{"line":8,"column":5}}},"2":{"name":"multiply","decl":{"start":{"line":10,"column":20},"end":{"line":10,"column":28}},"loc":{"start":{"line":10,"column":49},"end":{"line":12,"column":5}}},"3":{"name":"divide","decl":{"start":{"line":14,"column":20},"end":{"line":14,"column":26}},"loc":{"start":{"line":14,"column":47},"end":{"line":19,"column":5}}}},"branchMap":{"0":{"loc":{"start":{"line":15,"column":6},"end":{"line":17,"column":7}},"type":"if","locations":[{"start":{"line":15,"column":6},"end":{"line":17,"column":7}}]}},"s":{"0":3,"1":2,"2":3,"3":2,"4":3,"5":2,"6":7,"7":2,"8":5,"9":2},"f":{"0":3,"1":3,"2":3,"3":7},"b":{"0":[2]}}
,"/home/tlspc-152/Desktop/calculatorLibrary/src/index.ts": {"path":"/home/tlspc-152/Desktop/calculatorLibrary/src/index.ts","statementMap":{"0":{"start":{"line":2,"column":0},"end":{"line":2,"column":9}},"1":{"start":{"line":2,"column":9},"end":{"line":2,"column":14}},"2":{"start":{"line":2,"column":14},"end":{"line":2,"column":24}},"3":{"start":{"line":2,"column":24},"end":{"line":2,"column":34}},"4":{"start":{"line":2,"column":34},"end":{"line":2,"column":65}}},"fnMap":{"0":{"name":"(anonymous_0)","decl":{"start":{"line":2,"column":9},"end":{"line":2,"column":12}},"loc":{"start":{"line":2,"column":9},"end":{"line":2,"column":14}}},"1":{"name":"(anonymous_1)","decl":{"start":{"line":2,"column":14},"end":{"line":2,"column":22}},"loc":{"start":{"line":2,"column":14},"end":{"line":2,"column":24}}},"2":{"name":"(anonymous_2)","decl":{"start":{"line":2,"column":24},"end":{"line":2,"column":32}},"loc":{"start":{"line":2,"column":24},"end":{"line":2,"column":34}}},"3":{"name":"(anonymous_3)","decl":{"start":{"line":2,"column":34},"end":{"line":2,"column":40}},"loc":{"start":{"line":2,"column":34},"end":{"line":2,"column":65}}}},"branchMap":{},"s":{"0":1,"1":3,"2":3,"3":3,"4":6},"f":{"0":2,"1":2,"2":2,"3":5},"b":{}}
,"/home/tlspc-152/Desktop/calculatorLibrary/src/Test/test.ts": {"path":"/home/tlspc-152/Desktop/calculatorLibrary/src/Test/test.ts","statementMap":{"0":{"start":{"line":3,"column":0},"end":{"line":3,"column":59}},"1":{"start":{"line":11,"column":2},"end":{"line":16,"column":3}},"2":{"start":{"line":12,"column":4},"end":{"line":12,"column":24}},"3":{"start":{"line":14,"column":4},"end":{"line":14,"column":43}},"4":{"start":{"line":15,"column":4},"end":{"line":15,"column":22}},"5":{"start":{"line":7,"column":0},"end":{"line":7,"column":16}},"6":{"start":{"line":31,"column":0},"end":{"line":31,"column":36}},"7":{"start":{"line":32,"column":0},"end":{"line":32,"column":45}},"8":{"start":{"line":33,"column":0},"end":{"line":33,"column":47}},"9":{"start":{"line":34,"column":0},"end":{"line":34,"column":48}},"10":{"start":{"line":35,"column":0},"end":{"line":35,"column":58}}},"fnMap":{"0":{"name":"safeDivide","decl":{"start":{"line":7,"column":16},"end":{"line":7,"column":26}},"loc":{"start":{"line":7,"column":45},"end":{"line":17,"column":1}}}},"branchMap":{},"s":{"0":1,"1":4,"2":4,"3":2,"4":2,"5":1,"6":1,"7":1,"8":1,"9":1,"10":1},"f":{"0":4},"b":{}}
}
