TN:
SF:src/calculator.ts
FN:2,add
FN:6,subtract
FN:10,multiply
FN:14,divide
FNF:4
FNH:4
FNDA:1,add
FNDA:1,subtract
FNDA:1,multiply
FNDA:5,divide
DA:2,1
DA:3,1
DA:6,1
DA:7,1
DA:10,1
DA:11,1
DA:14,1
DA:15,5
DA:16,3
DA:18,2
LF:10
LH:10
BRDA:15,0,0,3
BRF:1
BRH:1
end_of_record
TN:
SF:src/index.ts
FN:3,add
FN:7,subtract
FN:11,multiply
FN:15,divide
FNF:4
FNH:4
FNDA:3,add
FNDA:3,subtract
FNDA:3,multiply
FNDA:4,divide
DA:3,2
DA:4,3
DA:7,2
DA:8,3
DA:11,2
DA:12,3
DA:15,2
DA:16,4
LF:8
LH:8
BRF:0
BRH:0
end_of_record
TN:
SF:src/Test/test.ts
FN:8,safeDivide
FNF:1
FNH:1
FNDA:3,safeDivide
DA:3,1
DA:8,1
DA:9,3
DA:10,2
DA:12,1
DA:17,1
DA:18,1
DA:19,1
DA:20,1
LF:9
LH:9
BRDA:9,0,0,2
BRDA:9,0,1,1
BRF:2
BRH:2
end_of_record
