TN:
SF:src/calculator.ts
FN:2,add
FN:6,subtract
FN:10,multiply
FN:14,divide
FNF:4
FNH:4
FNDA:1,add
FNDA:1,subtract
FNDA:1,multiply
FNDA:5,divide
DA:2,1
DA:3,1
DA:6,1
DA:7,1
DA:10,1
DA:11,1
DA:14,1
DA:15,5
DA:16,3
DA:18,2
LF:10
LH:10
BRDA:15,0,0,3
BRF:1
BRH:1
end_of_record
TN:
SF:src/index.ts
FN:4,add
FN:8,subtract
FN:12,multiply
FN:16,divide
FNF:4
FNH:4
FNDA:2,add
FNDA:2,subtract
FNDA:2,multiply
FNDA:3,divide
DA:4,2
DA:5,2
DA:8,2
DA:9,2
DA:12,2
DA:13,2
DA:16,2
DA:17,3
LF:8
LH:8
BRF:0
BRH:0
end_of_record
TN:
SF:src/Test/test.ts
FN:18,safeDivide
FNF:1
FNH:1
FNDA:2,safeDivide
DA:3,1
DA:18,1
DA:19,2
DA:20,1
DA:22,1
LF:5
LH:5
BRDA:19,0,0,1
BRDA:19,0,1,1
BRF:2
BRH:2
end_of_record
